sample/build/intermediates/manifest_merge_blame_file/release/manifest-merger-blame-release-report.txt
1<?xml version="1.0" encoding="utf-8"?>
2<manifest xmlns:android="http://schemas.android.com/apk/res/android"
3    package="us.zoom.sdkexample"
4    android:installLocation="auto"
5    android:versionCode="1"
6    android:versionName="1.0" >
7
8    <uses-sdk
9        android:minSdkVersion="21"
9-->src\main\AndroidManifest.xml
10        android:targetSdkVersion="29" />
10-->src\main\AndroidManifest.xml
11
12    <uses-feature android:glEsVersion="0x00020000" />
12-->src\main\AndroidManifest.xml:8:5-54
12-->src\main\AndroidManifest.xml:8:19-51
13
14    <uses-permission android:name="android.permission.WRITE_EXTERNAL_STORAGE" />
14-->src\main\AndroidManifest.xml:10:5-81
14-->src\main\AndroidManifest.xml:10:22-78
15    <uses-permission android:name="android.permission.RECORD_AUDIO" />
15-->src\main\AndroidManifest.xml:11:5-71
15-->src\main\AndroidManifest.xml:11:22-68
16    <uses-permission android:name="android.permission.FOREGROUND_SERVICE" />
16-->src\main\AndroidManifest.xml:12:5-77
16-->src\main\AndroidManifest.xml:12:22-74
17
18    <uses-feature
18-->[:mobilertc] AndroidManifest.xml:13:5-15:36
19        android:name="android.hardware.camera"
19-->[:mobilertc] AndroidManifest.xml:14:9-47
20        android:required="false" />
20-->[:mobilertc] AndroidManifest.xml:15:9-33
21    <uses-feature
21-->[:mobilertc] AndroidManifest.xml:16:5-18:36
22        android:name="android.hardware.camera.autofocus"
22-->[:mobilertc] AndroidManifest.xml:17:9-57
23        android:required="false" />
23-->[:mobilertc] AndroidManifest.xml:18:9-33
24    <uses-feature
24-->[:mobilertc] AndroidManifest.xml:19:5-21:36
25        android:name="android.hardware.telephony"
25-->[:mobilertc] AndroidManifest.xml:20:9-50
26        android:required="false" />
26-->[:mobilertc] AndroidManifest.xml:21:9-33
27    <uses-feature
27-->[:mobilertc] AndroidManifest.xml:22:5-24:36
28        android:name="android.hardware.bluetooth"
28-->[:mobilertc] AndroidManifest.xml:23:9-50
29        android:required="false" />
29-->[:mobilertc] AndroidManifest.xml:24:9-33
30    <uses-feature
30-->[:mobilertc] AndroidManifest.xml:25:5-27:36
31        android:name="android.hardware.microphone"
31-->[:mobilertc] AndroidManifest.xml:26:9-51
32        android:required="false" />
32-->[:mobilertc] AndroidManifest.xml:27:9-33
33
34    <uses-permission android:name="android.permission.READ_EXTERNAL_STORAGE" />
34-->[:mobilertc] AndroidManifest.xml:30:5-80
34-->[:mobilertc] AndroidManifest.xml:30:22-77
35    <uses-permission android:name="android.permission.INTERNET" />
35-->[:mobilertc] AndroidManifest.xml:31:5-67
35-->[:mobilertc] AndroidManifest.xml:31:22-64
36    <uses-permission android:name="android.permission.READ_PHONE_STATE" />
36-->[:mobilertc] AndroidManifest.xml:32:5-75
36-->[:mobilertc] AndroidManifest.xml:32:22-72
37    <uses-permission android:name="android.permission.ACCESS_NETWORK_STATE" />
37-->[:mobilertc] AndroidManifest.xml:33:5-79
37-->[:mobilertc] AndroidManifest.xml:33:22-76
38    <uses-permission android:name="android.permission.ACCESS_WIFI_STATE" />
38-->[:mobilertc] AndroidManifest.xml:34:5-76
38-->[:mobilertc] AndroidManifest.xml:34:22-73
39    <uses-permission android:name="android.permission.MODIFY_AUDIO_SETTINGS" />
39-->[:mobilertc] AndroidManifest.xml:35:5-80
39-->[:mobilertc] AndroidManifest.xml:35:22-77
40    <uses-permission android:name="android.permission.CAMERA" />
40-->[:mobilertc] AndroidManifest.xml:37:5-65
40-->[:mobilertc] AndroidManifest.xml:37:22-62
41    <uses-permission android:name="android.permission.BLUETOOTH" />
41-->[:mobilertc] AndroidManifest.xml:38:5-68
41-->[:mobilertc] AndroidManifest.xml:38:22-65
42    <uses-permission android:name="android.permission.BLUETOOTH_ADMIN" />
42-->[:mobilertc] AndroidManifest.xml:39:5-74
42-->[:mobilertc] AndroidManifest.xml:39:22-71
43    <uses-permission android:name="android.permission.BROADCAST_STICKY" />
43-->[:mobilertc] AndroidManifest.xml:40:5-75
43-->[:mobilertc] AndroidManifest.xml:40:22-72
44    <uses-permission android:name="android.permission.WAKE_LOCK" />
44-->[:mobilertc] AndroidManifest.xml:41:5-68
44-->[:mobilertc] AndroidManifest.xml:41:22-65
45    <uses-permission android:name="android.permission.CALL_PHONE" />
45-->[:mobilertc] AndroidManifest.xml:42:5-69
45-->[:mobilertc] AndroidManifest.xml:42:22-66
46    <uses-permission android:name="android.permission.SYSTEM_ALERT_WINDOW" />
46-->[:mobilertc] AndroidManifest.xml:43:5-78
46-->[:mobilertc] AndroidManifest.xml:43:22-75
47    <uses-permission android:name="android.permission.USE_FULL_SCREEN_INTENT" />
47-->[:mobilertc] AndroidManifest.xml:45:5-81
47-->[:mobilertc] AndroidManifest.xml:45:22-78
48    <uses-permission android:name="android.permission.ACCESS_NOTIFICATION_POLICY" />
48-->[:mobilertc] AndroidManifest.xml:46:5-85
48-->[:mobilertc] AndroidManifest.xml:46:22-82
49
50    <application
50-->src\main\AndroidManifest.xml:14:5-78:19
51        android:name="androidx.multidex.MultiDexApplication"
51-->src\main\AndroidManifest.xml:15:9-61
52        android:appComponentFactory="androidx.core.app.CoreComponentFactory"
52-->[androidx.core:core:1.1.0] AndroidManifest.xml:24:18-86
53        android:icon="@drawable/ic_flattr"
53-->src\main\AndroidManifest.xml:16:9-43
54        android:label="@string/this_app_name" >
54-->src\main\AndroidManifest.xml:17:9-46
55        <activity
55-->src\main\AndroidManifest.xml:18:9-19:66
56            android:name="us.zoom.sdksample.ui.signup"
56-->src\main\AndroidManifest.xml:18:19-44
57            android:theme="@style/ZMTheme.MainWindow" />
57-->src\main\AndroidManifest.xml:19:13-54
58        <activity
58-->src\main\AndroidManifest.xml:20:9-32:20
59            android:name="us.zoom.sdksample.ui.InitAuthSDKActivity"
59-->src\main\AndroidManifest.xml:21:13-51
60            android:configChanges="screenSize|orientation|keyboardHidden|keyboard"
60-->src\main\AndroidManifest.xml:22:13-83
61            android:icon="@drawable/ic_flattr"
61-->src\main\AndroidManifest.xml:23:13-47
62            android:label="@string/this_app_name"
62-->src\main\AndroidManifest.xml:24:13-50
63            android:screenOrientation="portrait"
63-->src\main\AndroidManifest.xml:25:13-49
64            android:theme="@style/ZMTheme.MainWindow" >
64-->src\main\AndroidManifest.xml:26:13-54
65            <intent-filter>
65-->src\main\AndroidManifest.xml:27:13-31:29
66                <action android:name="android.intent.action.MAIN" />
66-->src\main\AndroidManifest.xml:28:17-69
66-->src\main\AndroidManifest.xml:28:25-66
67
68                <category android:name="android.intent.category.LAUNCHER" />
68-->src\main\AndroidManifest.xml:30:17-77
68-->src\main\AndroidManifest.xml:30:27-74
69            </intent-filter>
70        </activity>
71
72        <service
72-->src\main\AndroidManifest.xml:34:9-36:63
73            android:name="us.zoom.sdksample.ScreenRecordService"
73-->src\main\AndroidManifest.xml:35:13-48
74            android:foregroundServiceType="mediaProjection" />
74-->src\main\AndroidManifest.xml:36:13-60
75
76        <activity
76-->src\main\AndroidManifest.xml:38:9-48:20
77            android:name="us.zoom.sdksample.ui.LoginUserStartJoinMeetingActivity"
77-->src\main\AndroidManifest.xml:39:13-65
78            android:icon="@drawable/ic_flattr"
78-->src\main\AndroidManifest.xml:40:13-47
79            android:label="@string/this_app_name"
79-->src\main\AndroidManifest.xml:41:13-50
80            android:theme="@style/ZMTheme.MainWindow" >
80-->src\main\AndroidManifest.xml:42:13-54
81            <intent-filter>
81-->src\main\AndroidManifest.xml:43:13-47:29
82                <action android:name="android.intent.action.MAIN" />
82-->src\main\AndroidManifest.xml:28:17-69
82-->src\main\AndroidManifest.xml:28:25-66
83
84                <category android:name="android.intent.category.DEFAULT" />
84-->src\main\AndroidManifest.xml:46:17-76
84-->src\main\AndroidManifest.xml:46:27-73
85            </intent-filter>
86        </activity>
87        <activity
87-->src\main\AndroidManifest.xml:49:9-59:20
88            android:name="us.zoom.sdksample.ui.EmailUserLoginActivity"
88-->src\main\AndroidManifest.xml:50:13-54
89            android:icon="@drawable/ic_flattr"
89-->src\main\AndroidManifest.xml:51:13-47
90            android:label="@string/this_app_name"
90-->src\main\AndroidManifest.xml:52:13-50
91            android:theme="@style/ZMTheme.MainWindow" >
91-->src\main\AndroidManifest.xml:53:13-54
92            <intent-filter>
92-->src\main\AndroidManifest.xml:43:13-47:29
93                <action android:name="android.intent.action.MAIN" />
93-->src\main\AndroidManifest.xml:28:17-69
93-->src\main\AndroidManifest.xml:28:25-66
94
95                <category android:name="android.intent.category.DEFAULT" />
95-->src\main\AndroidManifest.xml:46:17-76
95-->src\main\AndroidManifest.xml:46:27-73
96            </intent-filter>
97        </activity>
98        <activity
98-->src\main\AndroidManifest.xml:61:9-65:56
99            android:name="us.zoom.sdksample.inmeetingfunction.customizedmeetingui.MyMeetingActivity"
99-->src\main\AndroidManifest.xml:62:13-84
100            android:configChanges="screenSize"
100-->src\main\AndroidManifest.xml:63:13-47
101            android:screenOrientation="portrait"
101-->src\main\AndroidManifest.xml:64:13-49
102            android:theme="@style/ZMTheme.SubWindow" />
102-->src\main\AndroidManifest.xml:65:13-53
103        <activity
103-->src\main\AndroidManifest.xml:67:9-71:56
104            android:name="us.zoom.sdksample.inmeetingfunction.customizedmeetingui.RawDataMeetingActivity"
104-->src\main\AndroidManifest.xml:68:13-89
105            android:configChanges="screenSize|orientation|keyboardHidden|keyboard"
105-->src\main\AndroidManifest.xml:69:13-83
106            android:screenOrientation="portrait"
106-->src\main\AndroidManifest.xml:70:13-49
107            android:theme="@style/ZMTheme.SubWindow" />
107-->src\main\AndroidManifest.xml:71:13-53
108        <activity
108-->src\main\AndroidManifest.xml:73:9-77:56
109            android:name="us.zoom.sdksample.inmeetingfunction.zoommeetingui.CustomZoomUIActivity"
109-->src\main\AndroidManifest.xml:74:13-81
110            android:configChanges="orientation|screenSize"
110-->src\main\AndroidManifest.xml:75:13-59
111            android:hardwareAccelerated="false"
111-->src\main\AndroidManifest.xml:76:13-48
112            android:theme="@style/ZMTheme.SubWindow" />
112-->src\main\AndroidManifest.xml:77:13-53
113        <activity
113-->[:mobilertc] AndroidManifest.xml:49:9-53:58
114            android:name="com.zipow.videobox.JoinByURLActivity"
114-->[:mobilertc] AndroidManifest.xml:50:13-64
115            android:configChanges="orientation|screenSize|smallestScreenSize|layoutDirection|screenLayout|keyboardHidden|uiMode|colorMode"
115-->[:mobilertc] AndroidManifest.xml:51:13-139
116            android:launchMode="singleTask"
116-->[:mobilertc] AndroidManifest.xml:52:13-44
117            android:theme="@style/ZMTheme.Transparent" />
117-->[:mobilertc] AndroidManifest.xml:53:13-55
118        <activity
118-->[:mobilertc] AndroidManifest.xml:54:9-58:58
119            android:name="com.zipow.videobox.IntegrationActivity"
119-->[:mobilertc] AndroidManifest.xml:55:13-66
120            android:configChanges="orientation|screenSize|smallestScreenSize|layoutDirection|screenLayout|keyboardHidden|uiMode"
120-->[:mobilertc] AndroidManifest.xml:56:13-129
121            android:launchMode="singleTask"
121-->[:mobilertc] AndroidManifest.xml:57:13-44
122            android:theme="@style/ZMTheme.Transparent" />
122-->[:mobilertc] AndroidManifest.xml:58:13-55
123        <activity
123-->[:mobilertc] AndroidManifest.xml:59:9-63:59
124            android:name="com.zipow.videobox.MeetingEndMessageActivity"
124-->[:mobilertc] AndroidManifest.xml:60:13-72
125            android:configChanges="orientation|screenSize|smallestScreenSize|layoutDirection|screenLayout|keyboardHidden|uiMode"
125-->[:mobilertc] AndroidManifest.xml:61:13-129
126            android:launchMode="singleTask"
126-->[:mobilertc] AndroidManifest.xml:62:13-44
127            android:theme="@style/ZMDialog.Transparent" />
127-->[:mobilertc] AndroidManifest.xml:63:13-56
128        <activity
128-->[:mobilertc] AndroidManifest.xml:64:9-68:59
129            android:name="com.zipow.videobox.JoinMeetingFailActivity"
129-->[:mobilertc] AndroidManifest.xml:65:13-70
130            android:configChanges="orientation|screenSize|smallestScreenSize|layoutDirection|screenLayout|keyboardHidden|uiMode"
130-->[:mobilertc] AndroidManifest.xml:66:13-129
131            android:launchMode="singleTask"
131-->[:mobilertc] AndroidManifest.xml:67:13-44
132            android:theme="@style/ZMDialog.Transparent" />
132-->[:mobilertc] AndroidManifest.xml:68:13-56
133        <activity
133-->[:mobilertc] AndroidManifest.xml:69:9-73:56
134            android:name="com.zipow.videobox.ConfActivityNormal"
134-->[:mobilertc] AndroidManifest.xml:70:13-65
135            android:configChanges="orientation|screenSize|smallestScreenSize|layoutDirection|screenLayout|keyboardHidden|uiMode"
135-->[:mobilertc] AndroidManifest.xml:71:13-129
136            android:hardwareAccelerated="false"
136-->[:mobilertc] AndroidManifest.xml:72:13-48
137            android:theme="@style/ZMTheme.SubWindow" />
137-->[:mobilertc] AndroidManifest.xml:73:13-53
138        <activity
138-->[:mobilertc] AndroidManifest.xml:74:9-78:56
139            android:name="com.zipow.videobox.PListActivity"
139-->[:mobilertc] AndroidManifest.xml:75:13-60
140            android:configChanges="orientation|screenSize|smallestScreenSize|layoutDirection|screenLayout|keyboardHidden|uiMode"
140-->[:mobilertc] AndroidManifest.xml:76:13-129
141            android:hardwareAccelerated="false"
141-->[:mobilertc] AndroidManifest.xml:77:13-48
142            android:theme="@style/ZMTheme.SubWindow" />
142-->[:mobilertc] AndroidManifest.xml:78:13-53
143        <activity
143-->[:mobilertc] AndroidManifest.xml:79:9-83:56
144            android:name="com.zipow.videobox.InMeetingSettingsActivity"
144-->[:mobilertc] AndroidManifest.xml:80:13-72
145            android:configChanges="orientation|screenSize|smallestScreenSize|layoutDirection|screenLayout|keyboardHidden|uiMode|colorMode"
145-->[:mobilertc] AndroidManifest.xml:81:13-139
146            android:hardwareAccelerated="false"
146-->[:mobilertc] AndroidManifest.xml:82:13-48
147            android:theme="@style/ZMTheme.SubWindow" />
147-->[:mobilertc] AndroidManifest.xml:83:13-53
148        <activity
148-->[:mobilertc] AndroidManifest.xml:84:9-87:56
149            android:name="com.zipow.videobox.ConfChatActivityOld"
149-->[:mobilertc] AndroidManifest.xml:85:13-66
150            android:configChanges="orientation|screenSize|smallestScreenSize|layoutDirection|screenLayout|keyboardHidden|uiMode|colorMode"
150-->[:mobilertc] AndroidManifest.xml:86:13-139
151            android:theme="@style/ZMTheme.SubWindow" />
151-->[:mobilertc] AndroidManifest.xml:87:13-53
152        <activity
152-->[:mobilertc] AndroidManifest.xml:88:9-91:56
153            android:name="com.zipow.videobox.CallInActivity"
153-->[:mobilertc] AndroidManifest.xml:89:13-61
154            android:configChanges="orientation|screenSize|smallestScreenSize|layoutDirection|screenLayout|keyboardHidden|uiMode|colorMode"
154-->[:mobilertc] AndroidManifest.xml:90:13-139
155            android:theme="@style/ZMTheme.SubWindow" />
155-->[:mobilertc] AndroidManifest.xml:91:13-53
156        <activity
156-->[:mobilertc] AndroidManifest.xml:92:9-96:70
157            android:name="com.zipow.videobox.SimpleActivity"
157-->[:mobilertc] AndroidManifest.xml:93:13-61
158            android:configChanges="orientation|screenSize|smallestScreenSize|layoutDirection|screenLayout|keyboardHidden|uiMode|colorMode"
158-->[:mobilertc] AndroidManifest.xml:94:13-139
159            android:theme="@style/ZMTheme.SubWindow"
159-->[:mobilertc] AndroidManifest.xml:95:13-53
160            android:windowSoftInputMode="stateHidden|adjustResize" />
160-->[:mobilertc] AndroidManifest.xml:96:13-67
161        <activity
161-->[:mobilertc] AndroidManifest.xml:97:9-101:70
162            android:name="com.zipow.videobox.SimpleInMeetingActivity"
162-->[:mobilertc] AndroidManifest.xml:98:13-70
163            android:configChanges="orientation|screenSize|smallestScreenSize|layoutDirection|screenLayout|keyboardHidden|uiMode|colorMode"
163-->[:mobilertc] AndroidManifest.xml:99:13-139
164            android:theme="@style/ZMTheme.SubWindow"
164-->[:mobilertc] AndroidManifest.xml:100:13-53
165            android:windowSoftInputMode="stateHidden|adjustResize" />
165-->[:mobilertc] AndroidManifest.xml:101:13-67
166        <activity
166-->[:mobilertc] AndroidManifest.xml:102:9-105:56
167            android:name="com.zipow.videobox.poll.PollingActivity"
167-->[:mobilertc] AndroidManifest.xml:103:13-67
168            android:configChanges="orientation|screenSize|smallestScreenSize|layoutDirection|screenLayout|keyboardHidden|uiMode|colorMode"
168-->[:mobilertc] AndroidManifest.xml:104:13-139
169            android:theme="@style/ZMTheme.SubWindow" />
169-->[:mobilertc] AndroidManifest.xml:105:13-53
170        <activity
170-->[:mobilertc] AndroidManifest.xml:106:9-109:56
171            android:name="com.zipow.videobox.poll.WebinarPollingActivity"
171-->[:mobilertc] AndroidManifest.xml:107:13-74
172            android:configChanges="orientation|screenSize|smallestScreenSize|layoutDirection|screenLayout|keyboardHidden|uiMode|colorMode"
172-->[:mobilertc] AndroidManifest.xml:108:13-139
173            android:theme="@style/ZMTheme.SubWindow" />
173-->[:mobilertc] AndroidManifest.xml:109:13-53
174        <activity
174-->[:mobilertc] AndroidManifest.xml:110:9-113:56
175            android:name="com.zipow.videobox.poll.PollingResultActivity"
175-->[:mobilertc] AndroidManifest.xml:111:13-73
176            android:configChanges="orientation|screenSize|smallestScreenSize|layoutDirection|screenLayout|keyboardHidden|uiMode|colorMode"
176-->[:mobilertc] AndroidManifest.xml:112:13-139
177            android:theme="@style/ZMTheme.SubWindow" />
177-->[:mobilertc] AndroidManifest.xml:113:13-53
178        <activity
178-->[:mobilertc] AndroidManifest.xml:114:9-117:56
179            android:name="com.zipow.videobox.poll.WebinarPollingResultActivity"
179-->[:mobilertc] AndroidManifest.xml:115:13-80
180            android:configChanges="orientation|screenSize|smallestScreenSize|layoutDirection|screenLayout|keyboardHidden|uiMode|colorMode"
180-->[:mobilertc] AndroidManifest.xml:116:13-139
181            android:theme="@style/ZMTheme.SubWindow" />
181-->[:mobilertc] AndroidManifest.xml:117:13-53
182        <activity
182-->[:mobilertc] AndroidManifest.xml:118:9-121:56
183            android:name="us.zoom.androidlib.app.ZMFileListActivity"
183-->[:mobilertc] AndroidManifest.xml:119:13-69
184            android:configChanges="orientation|screenSize|smallestScreenSize|layoutDirection|screenLayout|keyboardHidden|uiMode|colorMode"
184-->[:mobilertc] AndroidManifest.xml:120:13-139
185            android:theme="@style/ZMTheme.SubWindow" />
185-->[:mobilertc] AndroidManifest.xml:121:13-53
186
187        <service
187-->[:mobilertc] AndroidManifest.xml:123:9-126:51
188            android:name="com.zipow.videobox.kubi.KubiService"
188-->[:mobilertc] AndroidManifest.xml:124:13-63
189            android:exported="false"
189-->[:mobilertc] AndroidManifest.xml:125:13-37
190            android:label="@string/zm_app_name" />
190-->[:mobilertc] AndroidManifest.xml:126:13-48
191        <service
191-->[:mobilertc] AndroidManifest.xml:127:9-129:40
192            android:name="com.zipow.videobox.OnClearFromRecentService"
192-->[:mobilertc] AndroidManifest.xml:128:13-71
193            android:exported="false" />
193-->[:mobilertc] AndroidManifest.xml:129:13-37
194        <service
194-->[:mobilertc] AndroidManifest.xml:130:9-134:51
195            android:name="com.zipow.videobox.share.ScreenShareServiceForSDK"
195-->[:mobilertc] AndroidManifest.xml:131:13-77
196            android:exported="false"
196-->[:mobilertc] AndroidManifest.xml:132:13-37
197            android:foregroundServiceType="mediaProjection"
197-->[:mobilertc] AndroidManifest.xml:133:13-60
198            android:label="@string/zm_app_name" />
198-->[:mobilertc] AndroidManifest.xml:134:13-48
199    </application>
200
201</manifest>